<?xml version="1.0" encoding="UTF-8" ?>
<testsuite tests="12" failures="0" name="com.mycompany.myarray.MyArrayTest" time="0.003" errors="0" skipped="0">
  <properties>
[...]
</properties>
  <testcase classname="com.mycompany.myarray.MyArrayTest" name="com.mycompany.myarray.MyArrayTest.testCheckEqualOutroArray" time="0.003"/>
  <testcase classname="com.mycompany.myarray.MyArrayTest" name="com.mycompany.myarray.MyArrayTest.testGetElementosMesmoAlgarismo" time="0"/>
  <testcase classname="com.mycompany.myarray.MyArrayTest" name="com.mycompany.myarray.MyArrayTest.testGetElementoCrescente" time="0"/>
  <testcase classname="com.mycompany.myarray.MyArrayTest" name="com.mycompany.myarray.MyArrayTest.testGetElementosComPares" time="0"/>
  <testcase classname="com.mycompany.myarray.MyArrayTest" name="com.mycompany.myarray.MyArrayTest.testCheckPares" time="0"/>
  <testcase classname="com.mycompany.myarray.MyArrayTest" name="com.mycompany.myarray.MyArrayTest.testGetMax" time="0"/>
  <testcase classname="com.mycompany.myarray.MyArrayTest" name="com.mycompany.myarray.MyArrayTest.testCheckVazio" time="0"/>
  <testcase classname="com.mycompany.myarray.MyArrayTest" name="com.mycompany.myarray.MyArrayTest.testGetReverse" time="0"/>
  <testcase classname="com.mycompany.myarray.MyArrayTest" name="com.mycompany.myarray.MyArrayTest.testGetNonNull" time="0"/>
  <testcase classname="com.mycompany.myarray.MyArrayTest" name="com.mycompany.myarray.MyArrayTest.testGetSize" time="0"/>
  <testcase classname="com.mycompany.myarray.MyArrayTest" name="com.mycompany.myarray.MyArrayTest.testGetAverage" time="0"/>
  <testcase classname="com.mycompany.myarray.MyArrayTest" name="com.mycompany.myarray.MyArrayTest.testGetAvgMultiple" time="0"/>
</testsuite>